<?xml version="1.0" encoding="UTF-8"?>
<!-- Generated by org.testng.reporters.JUnitXMLReporter -->
<testsuite ignored="0" hostname="LAPTOP-JAVD" failures="0" tests="3" name="Surefire test" time="40.046" errors="0" timestamp="2025-07-31T21:10:56 GMT-03:00">
  <testcase classname="com.suite.test.Leccion1_ValidacionInicialTest" name="validarTituloDeGoogle" time="1.538"/>
  <testcase classname="com.suite.test.Leccion2_SeleniumIDETest" name="LoginTestCase" time="9.32"/>
  <testcase classname="com.suite.test.Leccion2_SeleniumIDETest" name="registroTestCase" time="12.906"/>
</testsuite> <!-- Surefire test -->
