<?xml version="1.0" encoding="UTF-8"?>
<testng-results ignored="0" total="1" passed="1" failed="0" skipped="0">
  <reporter-output>
  </reporter-output>
  <suite started-at="2025-07-28T22:19:14 GMT-03:00" name="Surefire suite" finished-at="2025-07-28T22:19:42 GMT-03:00" duration-ms="27732">
    <groups>
    </groups>
    <test started-at="2025-07-28T22:19:14 GMT-03:00" name="Surefire test" finished-at="2025-07-28T22:19:42 GMT-03:00" duration-ms="27732">
      <class name="com.suite.test.Leccion1_ValidacionInicialTest">
        <test-method is-config="true" signature="setUp()[pri:0, instance:com.suite.test.Leccion1_ValidacionInicialTest@482cd91f]" started-at="2025-07-28T22:19:15 GMT-03:00" name="setUp" finished-at="2025-07-28T22:19:34 GMT-03:00" duration-ms="19256" status="PASS">
          <reporter-output>
          </reporter-output>
        </test-method> <!-- setUp -->
        <test-method signature="validarTituloDeGoogle()[pri:0, instance:com.suite.test.Leccion1_ValidacionInicialTest@482cd91f]" started-at="2025-07-28T22:19:34 GMT-03:00" name="validarTituloDeGoogle" description="Validar que el título de la página de Google sea correcto" finished-at="2025-07-28T22:19:36 GMT-03:00" duration-ms="2404" status="PASS">
          <reporter-output>
          </reporter-output>
        </test-method> <!-- validarTituloDeGoogle -->
        <test-method is-config="true" signature="tearDown()[pri:0, instance:com.suite.test.Leccion1_ValidacionInicialTest@482cd91f]" started-at="2025-07-28T22:19:36 GMT-03:00" name="tearDown" finished-at="2025-07-28T22:19:42 GMT-03:00" duration-ms="5889" status="PASS">
          <reporter-output>
          </reporter-output>
        </test-method> <!-- tearDown -->
      </class> <!-- com.suite.test.Leccion1_ValidacionInicialTest -->
    </test> <!-- Surefire test -->
  </suite> <!-- Surefire suite -->
</testng-results>
