<?xml version="1.0" encoding="UTF-8"?>
<!-- Generated by org.testng.reporters.JUnitXMLReporter -->
<testsuite ignored="0" hostname="LAPTOP-JAVD" failures="0" tests="2" name="Leccion7_Multiples_Datos_Firefox" time="31.623" errors="0" timestamp="2025-07-31T22:59:16 GMT-03:00">
  <testcase classname="com.suite.test.Leccion7_MultiplesDatosTest" name="testLogin" time="3.048"/>
  <testcase classname="com.suite.test.Leccion7_MultiplesDatosTest" name="testLogin" time="5.583"/>
</testsuite> <!-- Leccion7_Multiples_Datos_Firefox -->
