<?xml version="1.0" encoding="UTF-8"?>
<!-- Generated by org.testng.reporters.JUnitXMLReporter -->
<testsuite ignored="0" hostname="LAPTOP-JAVD" failures="0" tests="4" name="Leccion3_Flujo_Critico" time="44.073" errors="0" timestamp="2025-07-31T22:58:27 GMT-03:00">
  <testcase classname="com.suite.test.Leccion3_FlujoCriticoTest" name="testRegistration" time="6.723"/>
  <testcase classname="com.suite.test.Leccion3_FlujoCriticoTest" name="testRegistration" time="7.094"/>
  <testcase classname="com.suite.test.Leccion3_FlujoCriticoTest" name="testRegistration" time="7.097"/>
  <testcase classname="com.suite.test.Leccion3_FlujoCriticoTest" name="testRegistration" time="6.979"/>
</testsuite> <!-- Leccion3_Flujo_Critico -->
