<?xml version="1.0" encoding="UTF-8"?>
<!-- Generated by org.testng.reporters.JUnitXMLReporter -->
<testsuite ignored="0" hostname="LAPTOP-JAVD" failures="0" tests="2" name="Leccion7_Multiples_Datos_Chrome" time="17.05" errors="0" timestamp="2025-07-31T22:58:44 GMT-03:00">
  <testcase classname="com.suite.test.Leccion7_MultiplesDatosTest" name="testLogin" time="3.983"/>
  <testcase classname="com.suite.test.Leccion7_MultiplesDatosTest" name="testLogin" time="6.058"/>
</testsuite> <!-- Leccion7_Multiples_Datos_Chrome -->
