<?xml version="1.0" encoding="UTF-8"?>
<!-- Generated by org.testng.reporters.JUnitXMLReporter -->
<testsuite ignored="0" hostname="LAPTOP-JAVD" failures="0" tests="2" name="Leccion2_Scripts_Exportados" time="64.27" errors="0" timestamp="2025-08-01T22:30:33 GMT-03:00">
  <testcase classname="com.suite.test.Leccion2_SeleniumIDETest" name="LoginTestCase" time="15.119"/>
  <testcase classname="com.suite.test.Leccion2_SeleniumIDETest" name="registroTestCase" time="25.349"/>
</testsuite> <!-- Leccion2_Scripts_Exportados -->
