<?xml version="1.0" encoding="UTF-8"?>
<!-- Generated by org.testng.reporters.JUnitXMLReporter -->
<testsuite ignored="0" hostname="LAPTOP-JAVD" failures="0" tests="4" name="Leccion3_Flujo_Critico" time="73.506" errors="0" timestamp="2025-08-01T22:31:46 GMT-03:00">
  <testcase classname="com.suite.test.Leccion3_FlujoCriticoTest" name="testRegistration" time="8.417"/>
  <testcase classname="com.suite.test.Leccion3_FlujoCriticoTest" name="testRegistration" time="9.22"/>
  <testcase classname="com.suite.test.Leccion3_FlujoCriticoTest" name="testRegistration" time="9.27"/>
  <testcase classname="com.suite.test.Leccion3_FlujoCriticoTest" name="testRegistration" time="8.964"/>
</testsuite> <!-- Leccion3_Flujo_Critico -->
