<?xml version="1.0" encoding="UTF-8"?>
<!-- Generated by org.testng.reporters.JUnitXMLReporter -->
<testsuite ignored="0" hostname="LAPTOP-JAVD" failures="0" tests="2" name="Leccion2_Scripts_Exportados" time="34.934" errors="0" timestamp="2025-07-31T22:57:43 GMT-03:00">
  <testcase classname="com.suite.test.Leccion2_SeleniumIDETest" name="LoginTestCase" time="10.156"/>
  <testcase classname="com.suite.test.Leccion2_SeleniumIDETest" name="registroTestCase" time="12.465"/>
</testsuite> <!-- Leccion2_Scripts_Exportados -->
